<?xml version="1.0" encoding="UTF-8"?>
<!-- Generated by org.testng.reporters.JUnitReportReporter -->
<testsuite hostname="SatishReddy" failures="0" tests="1" name="Testscenarios.Testmethodsgooglesearch" time="0.206" errors="0" timestamp="2024-03-09T12:41:11 IST" skipped="0">
  <testcase classname="Testscenarios.Testmethodsgooglesearch" name="searchoperation" time="0.206"/>
  <system-out/>
</testsuite> <!-- Testscenarios.Testmethodsgooglesearch -->
