<?xml version="1.0" encoding="UTF-8"?>
<!-- Generated by org.testng.reporters.JUnitReportReporter -->
<testsuite hostname="SatishReddy" failures="0" tests="1" name="Testscenarios.testmethods" time="0.130" errors="0" timestamp="2024-02-29T11:40:11 IST" skipped="0">
  <testcase classname="Testscenarios.testmethods" name="searchpage" time="0.130"/>
  <system-out/>
</testsuite> <!-- Testscenarios.testmethods -->
